{"level":"info","message":"Hello from Acquisitions API!","service":"acquisitions-api"}
{"level":"info","message":"::1 - - [30/Jun/2026:21:31:23 +0000] \"GET / HTTP/1.1\" 304 - \"-\" \"Mozilla/5.0 (Macintosh; Intel Mac OS X 10_15_7) AppleWebKit/537.36 (KHTML, like Gecko) Chrome/149.0.0.0 Safari/537.36\"","service":"acquisitions-api"}
{"level":"info","message":"::1 - - [01/Jul/2026:03:33:54 +0000] \"HEAD / HTTP/1.1\" 500 82 \"-\" \"curl/8.7.1\"","service":"acquisitions-api"}
{"level":"info","message":"::1 - - [01/Jul/2026:03:34:29 +0000] \"GET / HTTP/1.1\" 500 82 \"-\" \"curl/8.7.1\"","service":"acquisitions-api"}
{"level":"info","message":"::1 - - [01/Jul/2026:03:34:29 +0000] \"GET /health HTTP/1.1\" 500 82 \"-\" \"curl/8.7.1\"","service":"acquisitions-api"}
{"level":"info","message":"::1 - - [01/Jul/2026:03:36:04 +0000] \"GET / HTTP/1.1\" 500 82 \"-\" \"curl/8.7.1\"","service":"acquisitions-api"}
{"level":"info","message":"::1 - - [01/Jul/2026:03:38:19 +0000] \"GET / HTTP/1.1\" 500 82 \"-\" \"curl/8.7.1\"","service":"acquisitions-api"}
{"level":"info","message":"::1 - - [01/Jul/2026:03:42:45 +0000] \"GET / HTTP/1.1\" 500 82 \"-\" \"Mozilla/5.0 (Macintosh; Intel Mac OS X 10_15_7) AppleWebKit/537.36 (KHTML, like Gecko) Chrome/149.0.0.0 Safari/537.36\"","service":"acquisitions-api"}
{"level":"info","message":"::1 - - [01/Jul/2026:03:46:25 +0000] \"GET / HTTP/1.1\" 500 82 \"-\" \"Mozilla/5.0 (Macintosh; Intel Mac OS X 10_15_7) AppleWebKit/537.36 (KHTML, like Gecko) Chrome/149.0.0.0 Safari/537.36\"","service":"acquisitions-api"}
{"level":"info","message":"::1 - - [01/Jul/2026:03:46:26 +0000] \"GET / HTTP/1.1\" 500 82 \"-\" \"Mozilla/5.0 (Macintosh; Intel Mac OS X 10_15_7) AppleWebKit/537.36 (KHTML, like Gecko) Chrome/149.0.0.0 Safari/537.36\"","service":"acquisitions-api"}
{"level":"info","message":"::1 - - [01/Jul/2026:03:52:47 +0000] \"GET / HTTP/1.1\" 500 82 \"-\" \"HTTPie\"","service":"acquisitions-api"}
{"level":"info","message":"::1 - - [01/Jul/2026:03:53:24 +0000] \"GET / HTTP/1.1\" 500 82 \"-\" \"HTTPie\"","service":"acquisitions-api"}
{"level":"info","message":"::1 - - [01/Jul/2026:03:54:26 +0000] \"GET /health HTTP/1.1\" 500 82 \"-\" \"HTTPie\"","service":"acquisitions-api"}
{"level":"info","message":"::1 - - [01/Jul/2026:03:54:49 +0000] \"GET /health HTTP/1.1\" 500 82 \"-\" \"HTTPie\"","service":"acquisitions-api"}
{"level":"info","message":"::1 - - [01/Jul/2026:03:54:49 +0000] \"GET /health HTTP/1.1\" 500 82 \"-\" \"HTTPie\"","service":"acquisitions-api"}
{"level":"info","message":"::1 - - [01/Jul/2026:03:54:49 +0000] \"GET /health HTTP/1.1\" 500 82 \"-\" \"HTTPie\"","service":"acquisitions-api"}
{"level":"info","message":"::1 - - [01/Jul/2026:03:54:49 +0000] \"GET /health HTTP/1.1\" 500 82 \"-\" \"HTTPie\"","service":"acquisitions-api"}
{"level":"info","message":"::1 - - [01/Jul/2026:03:54:50 +0000] \"GET /health HTTP/1.1\" 500 82 \"-\" \"HTTPie\"","service":"acquisitions-api"}
{"level":"info","message":"::1 - - [01/Jul/2026:03:54:50 +0000] \"GET /health HTTP/1.1\" 500 82 \"-\" \"HTTPie\"","service":"acquisitions-api"}
{"level":"info","message":"::1 - - [01/Jul/2026:03:54:50 +0000] \"GET /health HTTP/1.1\" 500 82 \"-\" \"HTTPie\"","service":"acquisitions-api"}
{"level":"info","message":"::1 - - [01/Jul/2026:03:54:54 +0000] \"GET /health HTTP/1.1\" 500 82 \"-\" \"HTTPie\"","service":"acquisitions-api"}
{"level":"info","message":"::1 - - [01/Jul/2026:03:54:55 +0000] \"GET /health HTTP/1.1\" 500 82 \"-\" \"HTTPie\"","service":"acquisitions-api"}
{"level":"info","message":"::1 - - [01/Jul/2026:04:04:48 +0000] \"GET /health HTTP/1.1\" 200 76 \"-\" \"HTTPie\"","service":"acquisitions-api"}
{"level":"info","message":"::1 - - [01/Jul/2026:04:04:52 +0000] \"GET /health HTTP/1.1\" 200 76 \"-\" \"HTTPie\"","service":"acquisitions-api"}
{"level":"info","message":"::1 - - [01/Jul/2026:04:04:53 +0000] \"GET /health HTTP/1.1\" 200 75 \"-\" \"HTTPie\"","service":"acquisitions-api"}
{"level":"info","message":"::1 - - [01/Jul/2026:04:04:53 +0000] \"GET /health HTTP/1.1\" 200 76 \"-\" \"HTTPie\"","service":"acquisitions-api"}
{"level":"info","message":"::1 - - [01/Jul/2026:04:04:54 +0000] \"GET /health HTTP/1.1\" 200 76 \"-\" \"HTTPie\"","service":"acquisitions-api"}
{"level":"warn","message":"Rate limit exceeded for role guest: n/a","service":"acquisitions-api"}
{"level":"info","message":"::1 - - [01/Jul/2026:04:04:54 +0000] \"GET /health HTTP/1.1\" 403 83 \"-\" \"HTTPie\"","service":"acquisitions-api"}
{"level":"warn","message":"Rate limit exceeded for role guest: n/a","service":"acquisitions-api"}
{"level":"info","message":"::1 - - [01/Jul/2026:04:04:55 +0000] \"GET /health HTTP/1.1\" 403 83 \"-\" \"HTTPie\"","service":"acquisitions-api"}
{"level":"warn","message":"Rate limit exceeded for role guest: n/a","service":"acquisitions-api"}
{"level":"info","message":"::1 - - [01/Jul/2026:04:04:56 +0000] \"GET /health HTTP/1.1\" 403 83 \"-\" \"HTTPie\"","service":"acquisitions-api"}
{"level":"warn","message":"Rate limit exceeded for role guest: n/a","service":"acquisitions-api"}
{"level":"info","message":"::1 - - [01/Jul/2026:04:04:56 +0000] \"GET /health HTTP/1.1\" 403 83 \"-\" \"HTTPie\"","service":"acquisitions-api"}
